\BOOKMARK [0][-]{chapter.1}{Introduction and Basic Neurobiology}{}% 1
\BOOKMARK [1][-]{section.1.1}{Computational Neuroscience}{chapter.1}% 2
\BOOKMARK [2][-]{subsection.1.1.1}{Descriptive Models}{section.1.1}% 3
\BOOKMARK [2][-]{subsection.1.1.2}{Descriptive Model of Receptive Fields}{section.1.1}% 4
\BOOKMARK [2][-]{subsection.1.1.3}{Descriptive models: Cortical Receptive Fields}{section.1.1}% 5
\BOOKMARK [2][-]{subsection.1.1.4}{Mechanistic and Interpretive Models}{section.1.1}% 6
\BOOKMARK [2][-]{subsection.1.1.5}{Interpretive Model of Receptive Fields}{section.1.1}% 7
\BOOKMARK [1][-]{section.1.2}{The Electrical Personality of Neurons}{chapter.1}% 8
\BOOKMARK [1][-]{section.1.3}{Making Connections: Synapses}{chapter.1}% 9
\BOOKMARK [1][-]{section.1.4}{Time to Network: Brain Areas and Their Function}{chapter.1}% 10
\BOOKMARK [0][-]{chapter.2}{Neural Code}{}% 11
\BOOKMARK [1][-]{section.2.1}{Recording form the brain}{chapter.2}% 12
\BOOKMARK [1][-]{section.2.2}{Constructing response models:Linear response}{chapter.2}% 13
\BOOKMARK [2][-]{subsection.2.2.1}{Spatial filtering}{section.2.2}% 14
\BOOKMARK [2][-]{subsection.2.2.2}{Spatio-temporal filtering}{section.2.2}% 15
\BOOKMARK [1][-]{section.2.3}{Feature selection}{chapter.2}% 16
\BOOKMARK [2][-]{subsection.2.3.1}{How build the model}{section.2.3}% 17
\BOOKMARK [2][-]{subsection.2.3.2}{Dimensionality reduction}{section.2.3}% 18
\BOOKMARK [2][-]{subsection.2.3.3}{What is the right stimulus to use?}{section.2.3}% 19
\BOOKMARK [2][-]{subsection.2.3.4}{Linear filtering}{section.2.3}% 20
\BOOKMARK [2][-]{subsection.2.3.5}{nonlinear input/output function}{section.2.3}% 21
\BOOKMARK [2][-]{subsection.2.3.6}{Linear and non-linear}{section.2.3}% 22
\BOOKMARK [1][-]{section.2.4}{Variability}{chapter.2}% 23
\BOOKMARK [2][-]{subsection.2.4.1}{When choose the best turning curve}{section.2.4}% 24
\BOOKMARK [2][-]{subsection.2.4.2}{Finding relevant features}{section.2.4}% 25
\BOOKMARK [2][-]{subsection.2.4.3}{Modeling the noise}{section.2.4}% 26
\BOOKMARK [2][-]{subsection.2.4.4}{Binomial spiking}{section.2.4}% 27
\BOOKMARK [2][-]{subsection.2.4.5}{Poisson spiking}{section.2.4}% 28
\BOOKMARK [2][-]{subsection.2.4.6}{The generalized linear model}{section.2.4}% 29
