\BOOKMARK [1][-]{section.1}{God}{}% 1
\BOOKMARK [2][-]{subsection.1.1}{What is Philosophy?}{section.1}% 2
\BOOKMARK [2][-]{subsection.1.2}{Does God exist?}{section.1}% 3
\BOOKMARK [1][-]{section.2}{Assessing Arguments}{}% 4
\BOOKMARK [2][-]{subsection.2.1}{What is an Argument?}{section.2}% 5
\BOOKMARK [2][-]{subsection.2.2}{Validity Argument}{section.2}% 6
\BOOKMARK [2][-]{subsection.2.3}{Soundness Argument}{section.2}% 7
\BOOKMARK [2][-]{subsection.2.4}{Potential Convincingness}{section.2}% 8
\BOOKMARK [2][-]{subsection.2.5}{Applying for persuade that God exists}{section.2}% 9
\BOOKMARK [1][-]{section.3}{Argument from the Design}{}% 10
\BOOKMARK [2][-]{subsection.3.1}{Inference to the best explanation}{section.3}% 11
\BOOKMARK [2][-]{subsection.3.2}{White's Analogy}{section.3}% 12
\BOOKMARK [2][-]{subsection.3.3}{The Fine-Tuning Argument}{section.3}% 13
\BOOKMARK [1][-]{section.4}{Against God: the Problem of Evil}{}% 14
\BOOKMARK [2][-]{subsection.4.1}{Omniscient, Omni-benevolent, Omnipotent God}{section.4}% 15
\BOOKMARK [2][-]{subsection.4.2}{The Problem of Evil}{section.4}% 16
\BOOKMARK [2][-]{subsection.4.3}{This is the Best of All Possible Worlds}{section.4}% 17
\BOOKMARK [2][-]{subsection.4.4}{Terror is the Price of Freedom}{section.4}% 18
\BOOKMARK [2][-]{subsection.4.5}{There is no Best Possible World}{section.4}% 19
\BOOKMARK [1][-]{section.5}{Pascal's Wager}{}% 20
\BOOKMARK [2][-]{subsection.5.1}{Epistemic and Practical Reasons for Belief}{section.5}% 21
\BOOKMARK [2][-]{subsection.5.2}{Pascal's Wager}{section.5}% 22
\BOOKMARK [2][-]{subsection.5.3}{Maximizing Expected Value}{section.5}% 23
\BOOKMARK [2][-]{subsection.5.4}{Objection: Generous God, Weird God, Punitive God }{section.5}% 24
\BOOKMARK [2][-]{subsection.5.5}{Believing is not an option}{section.5}% 25
\BOOKMARK [1][-]{section.6}{Knowledge and Justified Belief}{}% 26
\BOOKMARK [2][-]{subsection.6.1}{Knowledge = Justified True Belief?}{section.6}% 27
\BOOKMARK [2][-]{subsection.6.2}{Gettier Cases}{section.6}% 28
