\BOOKMARK [0][-]{chapter.1}{Representation}{}% 1
\BOOKMARK [1][-]{section.1.1}{Introduction}{chapter.1}% 2
\BOOKMARK [2][-]{subsection.1.1.1}{Distribution:Marginalization,Conditioning }{section.1.1}% 3
\BOOKMARK [2][-]{subsection.1.1.2}{Factors}{section.1.1}% 4
\BOOKMARK [1][-]{section.1.2}{Bayesian Network \(Directed Models\)}{chapter.1}% 5
\BOOKMARK [2][-]{subsection.1.2.1}{Semantics and Factorization}{section.1.2}% 6
\BOOKMARK [2][-]{subsection.1.2.2}{Reasoning Pattern}{section.1.2}% 7
\BOOKMARK [2][-]{subsection.1.2.3}{Flow of Probabilistic Influence: active trail}{section.1.2}% 8
\BOOKMARK [1][-]{section.1.3}{Bayesian Networks: In-dependencies}{chapter.1}% 9
\BOOKMARK [2][-]{subsection.1.3.1}{Conditional Independence}{section.1.3}% 10
\BOOKMARK [2][-]{subsection.1.3.2}{Independence in Bayesian Networks: d-separate, I-map}{section.1.3}% 11
\BOOKMARK [2][-]{subsection.1.3.3}{Naive Bayes Model}{section.1.3}% 12
\BOOKMARK [2][-]{subsection.1.3.4}{Assignment}{section.1.3}% 13
\BOOKMARK [1][-]{section.1.4}{Bayesian Networks: Knowledge Engineering}{chapter.1}% 14
\BOOKMARK [2][-]{subsection.1.4.1}{Medical Diagnosis}{section.1.4}% 15
\BOOKMARK [2][-]{subsection.1.4.2}{Knowledge Engineering: Example SAMIAM}{section.1.4}% 16
\BOOKMARK [2][-]{subsection.1.4.3}{Programming Assignment 1}{section.1.4}% 17
\BOOKMARK [1][-]{section.1.5}{Template Models}{chapter.1}% 18
\BOOKMARK [1][-]{section.1.6}{Temporal Models - DBNs}{chapter.1}% 19
\BOOKMARK [1][-]{section.1.7}{Temporal Models - HMMs}{chapter.1}% 20
\BOOKMARK [1][-]{section.1.8}{Plate Models}{chapter.1}% 21
\BOOKMARK [2][-]{subsection.1.8.1}{Modeling Repetition}{section.1.8}% 22
\BOOKMARK [1][-]{section.1.9}{Plate Dependency Model}{chapter.1}% 23
\BOOKMARK [1][-]{section.1.10}{Structured CPDs}{chapter.1}% 24
\BOOKMARK [1][-]{section.1.11}{Deterministic CPDs}{chapter.1}% 25
\BOOKMARK [1][-]{section.1.12}{Tree- structured CPDs}{chapter.1}% 26
\BOOKMARK [1][-]{section.1.13}{Independence of Causal Influence}{chapter.1}% 27
\BOOKMARK [2][-]{subsection.1.13.1}{Independence of Causal Influence}{section.1.13}% 28
\BOOKMARK [2][-]{subsection.1.13.2}{Sigmoid CPD}{section.1.13}% 29
\BOOKMARK [1][-]{section.1.14}{Continue Variables}{chapter.1}% 30
\BOOKMARK [1][-]{section.1.15}{Exercise: Tree CPD - context specific In-dependencies}{chapter.1}% 31
